<?xml version="1.0" encoding="UTF-8"?>
<testng-results ignored="0" total="1" passed="1" failed="0" skipped="0">
  <reporter-output>
  </reporter-output>
  <suite started-at="2018-02-08T11:43:45Z" name="Neha Suite" finished-at="2018-02-08T11:43:45Z" duration-ms="28">
    <groups>
    </groups>
    <test started-at="2018-02-08T11:43:45Z" name="Neha FIrst Test" finished-at="2018-02-08T11:43:45Z" duration-ms="28">
      <class name="com.HelloWorld">
        <test-method signature="myName(java.lang.String)[pri:0, instance:com.HelloWorld@37ceb1df]" started-at="2018-02-08T17:13:45Z" name="myName" finished-at="2018-02-08T17:13:45Z" duration-ms="8" status="PASS">
          <params>
            <param index="0">
              <value>
                <![CDATA[Neha Sengar]]>
              </value>
            </param>
          </params>
          <reporter-output>
          </reporter-output>
        </test-method> <!-- myName -->
      </class> <!-- com.HelloWorld -->
    </test> <!-- Neha FIrst Test -->
  </suite> <!-- Neha Suite -->
</testng-results>
